Gym_user android/app/build/intermediates/manifest_merge_blame_file/debug/manifest-merger-blame-debug-report.txt
1<?xml version="1.0" encoding="utf-8"?>
2<manifest xmlns:android="http://schemas.android.com/apk/res/android"
3    package="com.example.gym"
4    android:versionCode="1"
5    android:versionName="1.0" >
6
7    <uses-sdk
7-->src\main\AndroidManifest.xml:6:5-8:41
8        android:minSdkVersion="19"
8-->src\main\AndroidManifest.xml:7:9-35
9        android:targetSdkVersion="32" />
9-->src\main\AndroidManifest.xml:8:9-38
10
11    <uses-permission android:name="android.permission.INTERNET" />
11-->src\main\AndroidManifest.xml:10:5-67
11-->src\main\AndroidManifest.xml:10:22-64
12    <uses-permission android:name="android.permission.READ_EXTERNAL_STORAGE" />
12-->src\main\AndroidManifest.xml:11:5-80
12-->src\main\AndroidManifest.xml:11:22-77
13    <uses-permission android:name="android.permission.WRITE_EXTERNAL_STORAGE" />
13-->src\main\AndroidManifest.xml:12:5-81
13-->src\main\AndroidManifest.xml:12:22-78
14    <uses-permission android:name="android.permission.READ_PHONE_STATE" />
14-->src\main\AndroidManifest.xml:13:5-75
14-->src\main\AndroidManifest.xml:13:22-72
15    <uses-permission android:name="android.permission.WAKE_LOCK" />
15-->src\main\AndroidManifest.xml:14:5-68
15-->src\main\AndroidManifest.xml:14:22-65
16
17    <application
17-->src\main\AndroidManifest.xml:16:5-130:19
18        android:allowBackup="true"
18-->src\main\AndroidManifest.xml:17:9-35
19        android:appComponentFactory="android.support.v4.app.CoreComponentFactory"
19-->[com.android.support:support-compat:28.0.0] AndroidManifest.xml:22:18-91
20        android:debuggable="true"
21        android:icon="@drawable/gymlogo"
21-->src\main\AndroidManifest.xml:18:9-41
22        android:label="@string/app_name"
22-->src\main\AndroidManifest.xml:19:9-41
23        android:requestLegacyExternalStorage="true"
23-->src\main\AndroidManifest.xml:20:9-52
24        android:testOnly="true"
25        android:theme="@style/AppTheme"
25-->src\main\AndroidManifest.xml:21:9-40
26        android:usesCleartextTraffic="true" >
26-->src\main\AndroidManifest.xml:22:9-44
27        <activity
27-->src\main\AndroidManifest.xml:23:9-25:40
28            android:name="com.example.gym.User_view_workouts"
28-->src\main\AndroidManifest.xml:24:13-47
29            android:exported="false" />
29-->src\main\AndroidManifest.xml:25:13-37
30        <activity
30-->src\main\AndroidManifest.xml:26:9-28:40
31            android:name="com.example.gym.User_view_batch"
31-->src\main\AndroidManifest.xml:27:13-44
32            android:exported="false" />
32-->src\main\AndroidManifest.xml:28:13-37
33        <activity
33-->src\main\AndroidManifest.xml:29:9-31:40
34            android:name="com.example.gym.user_view_attendance"
34-->src\main\AndroidManifest.xml:30:13-49
35            android:exported="false" />
35-->src\main\AndroidManifest.xml:31:13-37
36        <activity
36-->src\main\AndroidManifest.xml:32:9-34:40
37            android:name="com.example.gym.Direct_buy_quantity"
37-->src\main\AndroidManifest.xml:33:13-48
38            android:exported="false" />
38-->src\main\AndroidManifest.xml:34:13-37
39        <activity
39-->src\main\AndroidManifest.xml:35:9-37:40
40            android:name="com.example.gym.Forgot_password"
40-->src\main\AndroidManifest.xml:36:13-44
41            android:exported="false" />
41-->src\main\AndroidManifest.xml:37:13-37
42        <activity
42-->src\main\AndroidManifest.xml:38:9-40:40
43            android:name="com.example.gym.Customer_make_payment"
43-->src\main\AndroidManifest.xml:39:13-50
44            android:exported="false" />
44-->src\main\AndroidManifest.xml:40:13-37
45        <activity
45-->src\main\AndroidManifest.xml:41:9-43:40
46            android:name="com.example.gym.Set_new_password"
46-->src\main\AndroidManifest.xml:42:13-45
47            android:exported="false" />
47-->src\main\AndroidManifest.xml:43:13-37
48        <activity
48-->src\main\AndroidManifest.xml:44:9-46:40
49            android:name="com.example.gym.User_plan_payment"
49-->src\main\AndroidManifest.xml:45:13-46
50            android:exported="false" />
50-->src\main\AndroidManifest.xml:46:13-37
51        <activity
51-->src\main\AndroidManifest.xml:47:9-49:40
52            android:name="com.example.gym.User_view_plan"
52-->src\main\AndroidManifest.xml:48:13-43
53            android:exported="false" />
53-->src\main\AndroidManifest.xml:49:13-37
54        <activity
54-->src\main\AndroidManifest.xml:50:9-52:40
55            android:name="com.example.gym.View_my_request"
55-->src\main\AndroidManifest.xml:51:13-44
56            android:exported="false" />
56-->src\main\AndroidManifest.xml:52:13-37
57        <activity
57-->src\main\AndroidManifest.xml:53:9-55:40
58            android:name="com.example.gym.User_view_category"
58-->src\main\AndroidManifest.xml:54:13-47
59            android:exported="false" />
59-->src\main\AndroidManifest.xml:55:13-37
60        <activity
60-->src\main\AndroidManifest.xml:56:9-58:40
61            android:name="com.example.gym.View_tournament"
61-->src\main\AndroidManifest.xml:57:13-44
62            android:exported="false" />
62-->src\main\AndroidManifest.xml:58:13-37
63        <activity
63-->src\main\AndroidManifest.xml:59:9-61:40
64            android:name="com.example.gym.User_rate_employee"
64-->src\main\AndroidManifest.xml:60:13-47
65            android:exported="false" />
65-->src\main\AndroidManifest.xml:61:13-37
66        <activity
66-->src\main\AndroidManifest.xml:62:9-64:40
67            android:name="com.example.gym.User_view_employee"
67-->src\main\AndroidManifest.xml:63:13-47
68            android:exported="false" />
68-->src\main\AndroidManifest.xml:64:13-37
69        <activity
69-->src\main\AndroidManifest.xml:65:9-67:40
70            android:name="com.example.gym.Enter_otp"
70-->src\main\AndroidManifest.xml:66:13-38
71            android:exported="false" />
71-->src\main\AndroidManifest.xml:67:13-37
72        <activity
72-->src\main\AndroidManifest.xml:68:9-70:40
73            android:name="com.example.gym.View_order_products"
73-->src\main\AndroidManifest.xml:69:13-48
74            android:exported="false" />
74-->src\main\AndroidManifest.xml:70:13-37
75        <activity
75-->src\main\AndroidManifest.xml:71:9-73:40
76            android:name="com.example.gym.View_my_orders"
76-->src\main\AndroidManifest.xml:72:13-43
77            android:exported="false" />
77-->src\main\AndroidManifest.xml:73:13-37
78        <activity
78-->src\main\AndroidManifest.xml:74:9-76:40
79            android:name="com.example.gym.User_payment"
79-->src\main\AndroidManifest.xml:75:13-41
80            android:exported="false" />
80-->src\main\AndroidManifest.xml:76:13-37
81        <activity
81-->src\main\AndroidManifest.xml:77:9-79:40
82            android:name="com.example.gym.View_cart_items"
82-->src\main\AndroidManifest.xml:78:13-44
83            android:exported="false" />
83-->src\main\AndroidManifest.xml:79:13-37
84        <activity
84-->src\main\AndroidManifest.xml:80:9-82:40
85            android:name="com.example.gym.Add_to_cart"
85-->src\main\AndroidManifest.xml:81:13-40
86            android:exported="false" />
86-->src\main\AndroidManifest.xml:82:13-37
87        <activity
87-->src\main\AndroidManifest.xml:83:9-85:40
88            android:name="com.example.gym.View_products"
88-->src\main\AndroidManifest.xml:84:13-42
89            android:exported="false" />
89-->src\main\AndroidManifest.xml:85:13-37
90        <activity
90-->src\main\AndroidManifest.xml:86:9-88:48
91            android:name="com.example.gym.Login"
91-->src\main\AndroidManifest.xml:87:13-34
92            android:label="@string/app_name" />
92-->src\main\AndroidManifest.xml:88:13-45
93        <activity
93-->src\main\AndroidManifest.xml:89:9-98:20
94            android:name="com.example.gym.Ipsettings"
94-->src\main\AndroidManifest.xml:90:13-39
95            android:exported="true"
95-->src\main\AndroidManifest.xml:91:13-36
96            android:label="@string/title_activity_ipsettings" >
96-->src\main\AndroidManifest.xml:92:13-62
97            <intent-filter>
97-->src\main\AndroidManifest.xml:93:13-97:29
98                <action android:name="android.intent.action.MAIN" />
98-->src\main\AndroidManifest.xml:94:17-69
98-->src\main\AndroidManifest.xml:94:25-66
99
100                <category android:name="android.intent.category.LAUNCHER" />
100-->src\main\AndroidManifest.xml:96:17-77
100-->src\main\AndroidManifest.xml:96:27-74
101            </intent-filter>
102        </activity>
103        <activity
103-->src\main\AndroidManifest.xml:100:9-102:59
104            android:name="com.example.gym.Home"
104-->src\main\AndroidManifest.xml:101:13-33
105            android:label="@string/title_activity_home" />
105-->src\main\AndroidManifest.xml:102:13-56
106        <activity
106-->src\main\AndroidManifest.xml:103:9-105:67
107            android:name="com.example.gym.Registration"
107-->src\main\AndroidManifest.xml:104:13-41
108            android:label="@string/title_activity_registration" />
108-->src\main\AndroidManifest.xml:105:13-64
109        <activity
109-->src\main\AndroidManifest.xml:106:9-108:62
110            android:name="com.example.gym.Payment"
110-->src\main\AndroidManifest.xml:107:13-36
111            android:label="@string/title_activity_payment" />
111-->src\main\AndroidManifest.xml:108:13-59
112        <activity
112-->src\main\AndroidManifest.xml:109:9-111:70
113            android:name="com.example.gym.View_equipments"
113-->src\main\AndroidManifest.xml:110:13-44
114            android:label="@string/title_activity_view_equipments" />
114-->src\main\AndroidManifest.xml:111:13-67
115        <activity
115-->src\main\AndroidManifest.xml:112:9-114:65
116            android:name="com.example.gym.View_usage"
116-->src\main\AndroidManifest.xml:113:13-39
117            android:label="@string/title_activity_view_usage" />
117-->src\main\AndroidManifest.xml:114:13-62
118        <activity
118-->src\main\AndroidManifest.xml:115:9-117:63
119            android:name="com.example.gym.Payments"
119-->src\main\AndroidManifest.xml:116:13-37
120            android:label="@string/title_activity_payments" />
120-->src\main\AndroidManifest.xml:117:13-60
121        <activity
121-->src\main\AndroidManifest.xml:118:9-120:63
122            android:name="com.example.gym.Viewdiet"
122-->src\main\AndroidManifest.xml:119:13-37
123            android:label="@string/title_activity_viewdiet" />
123-->src\main\AndroidManifest.xml:120:13-60
124        <activity
124-->src\main\AndroidManifest.xml:121:9-123:62
125            android:name="com.example.gym.Message"
125-->src\main\AndroidManifest.xml:122:13-36
126            android:label="@string/title_activity_message" />
126-->src\main\AndroidManifest.xml:123:13-59
127        <activity
127-->src\main\AndroidManifest.xml:124:9-126:64
128            android:name="com.example.gym.Complaint"
128-->src\main\AndroidManifest.xml:125:13-38
129            android:label="@string/title_activity_complaint" />
129-->src\main\AndroidManifest.xml:126:13-61
130        <activity
130-->src\main\AndroidManifest.xml:127:9-129:63
131            android:name="com.example.gym.Feedback"
131-->src\main\AndroidManifest.xml:128:13-37
132            android:label="@string/title_activity_feedback" />
132-->src\main\AndroidManifest.xml:129:13-60
133    </application>
134
135</manifest>